<?xml version="1.0" encoding="UTF-8"?>
<coverage generated="1695814750989" clover="3.2.0">
  <project timestamp="1695814750989" name="All files">
    <metrics statements="13" coveredstatements="10" conditionals="10" coveredconditionals="6" methods="5" coveredmethods="3" elements="28" coveredelements="19" complexity="0" loc="13" ncloc="13" packages="2" files="2" classes="2"/>
    <package name="src">
      <metrics statements="3" coveredstatements="0" conditionals="0" coveredconditionals="0" methods="2" coveredmethods="0"/>
      <file name="index.ts" path="C:\source\run-though-ppt-storybook\src\index.ts">
        <metrics statements="3" coveredstatements="0" conditionals="0" coveredconditionals="0" methods="2" coveredmethods="0"/>
        <line num="1" count="0" type="stmt"/>
        <line num="2" count="0" type="stmt"/>
        <line num="3" count="0" type="stmt"/>
      </file>
    </package>
    <package name="src.components.button">
      <metrics statements="10" coveredstatements="10" conditionals="10" coveredconditionals="6" methods="3" coveredmethods="3"/>
      <file name="Button.tsx" path="C:\source\run-though-ppt-storybook\src\components\button\Button.tsx">
        <metrics statements="10" coveredstatements="10" conditionals="10" coveredconditionals="6" methods="3" coveredmethods="3"/>
        <line num="1" count="1" type="stmt"/>
        <line num="2" count="1" type="stmt"/>
        <line num="4" count="1" type="cond" truecount="2" falsecount="0"/>
        <line num="5" count="1" type="stmt"/>
        <line num="6" count="1" type="stmt"/>
        <line num="10" count="1" type="cond" truecount="2" falsecount="0"/>
        <line num="29" count="1" type="stmt"/>
        <line num="30" count="1" type="cond" truecount="1" falsecount="1"/>
        <line num="48" count="1" type="cond" truecount="1" falsecount="1"/>
        <line num="49" count="1" type="stmt"/>
      </file>
    </package>
  </project>
</coverage>
