{"C:\\source\\run-though-ppt-storybook\\src\\index.ts": {"path":"C:\\source\\run-though-ppt-storybook\\src\\index.ts","statementMap":{"0":{"start":{"line":1,"column":0},"end":{"line":1,"column":null}},"1":{"start":{"line":2,"column":2},"end":{"line":2,"column":null}},"2":{"start":{"line":3,"column":2},"end":{"line":3,"column":null}}},"fnMap":{"0":{"name":"(anonymous_0)","decl":{"start":{"line":2,"column":2},"end":{"line":2,"column":12}},"loc":{"start":{"line":2,"column":2},"end":{"line":2,"column":null}}},"1":{"name":"(anonymous_1)","decl":{"start":{"line":3,"column":2},"end":{"line":3,"column":21}},"loc":{"start":{"line":3,"column":2},"end":{"line":3,"column":null}}}},"branchMap":{},"s":{"0":0,"1":0,"2":0},"f":{"0":0,"1":0},"b":{}}
,"C:\\source\\run-though-ppt-storybook\\src\\components\\button\\Button.tsx": {"path":"C:\\source\\run-though-ppt-storybook\\src\\components\\button\\Button.tsx","statementMap":{"0":{"start":{"line":1,"column":0},"end":{"line":1,"column":52}},"1":{"start":{"line":2,"column":0},"end":{"line":2,"column":48}},"2":{"start":{"line":4,"column":0},"end":{"line":4,"column":null}},"3":{"start":{"line":5,"column":4},"end":{"line":5,"column":null}},"4":{"start":{"line":6,"column":4},"end":{"line":6,"column":null}},"5":{"start":{"line":10,"column":17},"end":{"line":38,"column":null}},"6":{"start":{"line":29,"column":16},"end":{"line":29,"column":61}},"7":{"start":{"line":30,"column":4},"end":{"line":38,"column":null}},"8":{"start":{"line":48,"column":13},"end":{"line":50,"column":2}},"9":{"start":{"line":48,"column":53},"end":{"line":48,"column":63}},"10":{"start":{"line":48,"column":63},"end":{"line":48,"column":95}},"11":{"start":{"line":48,"column":103},"end":{"line":48,"column":108}},"12":{"start":{"line":48,"column":113},"end":{"line":48,"column":null}},"13":{"start":{"line":49,"column":2},"end":{"line":49,"column":76}}},"fnMap":{"0":{"name":"(anonymous_0)","decl":{"start":{"line":4,"column":0},"end":{"line":4,"column":12}},"loc":{"start":{"line":4,"column":31},"end":{"line":7,"column":1}}},"1":{"name":"(anonymous_1)","decl":{"start":{"line":29,"column":3},"end":{"line":29,"column":4}},"loc":{"start":{"line":29,"column":61},"end":{"line":30,"column":14}}},"2":{"name":"(anonymous_2)","decl":{"start":{"line":48,"column":50},"end":{"line":48,"column":51}},"loc":{"start":{"line":48,"column":115},"end":{"line":50,"column":1}}}},"branchMap":{"0":{"loc":{"start":{"line":4,"column":12},"end":{"line":4,"column":null}},"type":"binary-expr","locations":[{"start":{"line":4,"column":12},"end":{"line":4,"column":31}},{"start":{"line":4,"column":12},"end":{"line":4,"column":null}}]},"1":{"loc":{"start":{"line":10,"column":30},"end":{"line":40,"column":2}},"type":"binary-expr","locations":[{"start":{"line":10,"column":30},"end":{"line":10,"column":44}},{"start":{"line":10,"column":30},"end":{"line":40,"column":2}}]},"2":{"loc":{"start":{"line":30,"column":4},"end":{"line":38,"column":null}},"type":"binary-expr","locations":[{"start":{"line":30,"column":4},"end":{"line":30,"column":48}},{"start":{"line":31,"column":4},"end":{"line":38,"column":null}}]},"3":{"loc":{"start":{"line":31,"column":7},"end":{"line":38,"column":null}},"type":"binary-expr","locations":[{"start":{"line":31,"column":7},"end":{"line":31,"column":null}},{"start":{"line":31,"column":7},"end":{"line":38,"column":null}}]},"4":{"loc":{"start":{"line":48,"column":63},"end":{"line":48,"column":95}},"type":"cond-expr","locations":[{"start":{"line":48,"column":66},"end":{"line":48,"column":93}},{"start":{"line":48,"column":93},"end":{"line":48,"column":95}}]}},"s":{"0":1,"1":1,"2":1,"3":1,"4":1,"5":1,"6":1,"7":1,"8":1,"9":1,"10":1,"11":1,"12":1,"13":1},"f":{"0":1,"1":1,"2":1},"b":{"0":[1,1],"1":[1,1],"2":[1,0],"3":[0,0],"4":[1,0]}}
}
